[debug] [2020-08-18T22:49:53.297Z] ----------------------------------------------------------------------
[debug] [2020-08-18T22:49:53.299Z] Command:       /usr/local/bin/node /Users/iplayulisten/.npm-global/bin/firebase init
[debug] [2020-08-18T22:49:53.299Z] CLI Version:   8.7.0
[debug] [2020-08-18T22:49:53.299Z] Platform:      darwin
[debug] [2020-08-18T22:49:53.299Z] Node Version:  v12.14.0
[debug] [2020-08-18T22:49:53.300Z] Time:          Tue Aug 18 2020 18:49:53 GMT-0400 (Eastern Daylight Time)
[debug] [2020-08-18T22:49:53.300Z] ----------------------------------------------------------------------
[debug] [2020-08-18T22:49:53.300Z] 
[debug] [2020-08-18T22:49:53.306Z] > command requires scopes: ["email","openid","https://www.googleapis.com/auth/cloudplatformprojects.readonly","https://www.googleapis.com/auth/firebase","https://www.googleapis.com/auth/cloud-platform"]
[debug] [2020-08-18T22:49:53.307Z] > authorizing via signed-in user
[info] 
     ######## #### ########  ######## ########     ###     ######  ########
     ##        ##  ##     ## ##       ##     ##  ##   ##  ##       ##
     ######    ##  ########  ######   ########  #########  ######  ######
     ##        ##  ##    ##  ##       ##     ## ##     ##       ## ##
     ##       #### ##     ## ######## ########  ##     ##  ######  ########

You're about to initialize a Firebase project in this directory:

  /Users/iplayulisten/Projects/IPUL/2020/ipul-rn-ios-app

[debug] [2020-08-18T22:50:00.838Z] Error: write EIO
    at afterWriteDispatched (internal/stream_base_commons.js:150:25)
    at writeGeneric (internal/stream_base_commons.js:141:3)
    at WriteStream.Socket._writeGeneric (net.js:771:11)
    at WriteStream.Socket._write (net.js:783:8)
    at doWrite (_stream_writable.js:431:12)
    at writeOrBuffer (_stream_writable.js:415:5)
    at WriteStream.Writable.write (_stream_writable.js:305:11)
    at EventEmitter.signalExit.alwaysLast (/Users/iplayulisten/.npm-global/lib/node_modules/firebase-tools/node_modules/restore-cursor/index.js:7:18)
    at EventEmitter.emit (events.js:210:5)
    at EventEmitter.emit (domain.js:475:20)
    at emit (/Users/iplayulisten/.npm-global/lib/node_modules/firebase-tools/node_modules/signal-exit/index.js:78:11)
    at process.listener (/Users/iplayulisten/.npm-global/lib/node_modules/firebase-tools/node_modules/signal-exit/index.js:94:7)
    at process.emit (events.js:210:5)
